<?xml version="1.0" encoding="UTF-8"?>
<!-- Generated by org.testng.reporters.JUnitReportReporter -->
<testsuite hostname="DESKTOP-EN91KAP" failures="0" tests="2" name="project1.guru99" time="97.267" errors="0" timestamp="2023-03-20T11:27:04 GMT-05:00" skipped="0">
  <testcase classname="project1.guru99" name="login" time="50.491"/>
  <system-out/>
  <testcase classname="project1.guru99" name="Register" time="46.776"/>
  <system-out/>
</testsuite> <!-- project1.guru99 -->
